<?xml version="1.0" encoding="UTF-8" ?>
<testsuite failures="0" time="0.009" errors="0" skipped="0" tests="51" name="org.apache.commons.lang3.ClassUtilsTest">
  <properties>
[...]
</properties>
  <testcase time="0.001" classname="org.apache.commons.lang3.ClassUtilsTest" name="test_getShortClassName_Class"/>
  <testcase time="0" classname="org.apache.commons.lang3.ClassUtilsTest" name="test_isAssignable"/>
  <testcase time="0" classname="org.apache.commons.lang3.ClassUtilsTest" name="testShowJavaBug"/>
  <testcase time="0" classname="org.apache.commons.lang3.ClassUtilsTest" name="testToClass_object"/>
  <testcase time="0.001" classname="org.apache.commons.lang3.ClassUtilsTest" name="testGetClassByNormalNameArrays"/>
  <testcase time="0.001" classname="org.apache.commons.lang3.ClassUtilsTest" name="testGetInnerClass"/>
  <testcase time="0.001" classname="org.apache.commons.lang3.ClassUtilsTest" name="test_getAllSuperclasses_Class"/>
  <testcase time="0" classname="org.apache.commons.lang3.ClassUtilsTest" name="testPrimitiveToWrapper"/>
  <testcase time="0" classname="org.apache.commons.lang3.ClassUtilsTest" name="test_getPackageCanonicalName_Object"/>
  <testcase time="0" classname="org.apache.commons.lang3.ClassUtilsTest" name="test_isAssignable_Widening"/>
  <testcase time="0.001" classname="org.apache.commons.lang3.ClassUtilsTest" name="test_getPackageCanonicalName_String"/>
  <testcase time="0" classname="org.apache.commons.lang3.ClassUtilsTest" name="testGetClassWithArrayClasses"/>
  <testcase time="0" classname="org.apache.commons.lang3.ClassUtilsTest" name="test_getPackageCanonicalName_Class"/>
  <testcase time="0" classname="org.apache.commons.lang3.ClassUtilsTest" name="test_getShortClassName_Object"/>
  <testcase time="0" classname="org.apache.commons.lang3.ClassUtilsTest" name="test_getShortClassName_String"/>
  <testcase time="0" classname="org.apache.commons.lang3.ClassUtilsTest" name="testIsPrimitiveOrWrapper"/>
  <testcase time="0" classname="org.apache.commons.lang3.ClassUtilsTest" name="test_isAssignable_NoAutoboxing"/>
  <testcase time="0" classname="org.apache.commons.lang3.ClassUtilsTest" name="testWrapperToPrimitive"/>
  <testcase time="0" classname="org.apache.commons.lang3.ClassUtilsTest" name="testWrappersToPrimitives"/>
  <testcase time="0" classname="org.apache.commons.lang3.ClassUtilsTest" name="test_isAssignable_ClassArray_ClassArray_Autoboxing"/>
  <testcase time="0" classname="org.apache.commons.lang3.ClassUtilsTest" name="testGetClassWithArrayClasses2D"/>
  <testcase time="0" classname="org.apache.commons.lang3.ClassUtilsTest" name="test_getPackageName_Object"/>
  <testcase time="0" classname="org.apache.commons.lang3.ClassUtilsTest" name="test_getPackageName_String"/>
  <testcase time="0" classname="org.apache.commons.lang3.ClassUtilsTest" name="test_isAssignable_ClassArray_ClassArray_NoAutoboxing"/>
  <testcase time="0" classname="org.apache.commons.lang3.ClassUtilsTest" name="testWrapperToPrimitiveNull"/>
  <testcase time="0.001" classname="org.apache.commons.lang3.ClassUtilsTest" name="testGetClassByNormalNameArrays2D"/>
  <testcase time="0" classname="org.apache.commons.lang3.ClassUtilsTest" name="testIsPrimitiveWrapper"/>
  <testcase time="0" classname="org.apache.commons.lang3.ClassUtilsTest" name="testWithInterleavingWhitespace"/>
  <testcase time="0" classname="org.apache.commons.lang3.ClassUtilsTest" name="test_getPackageName_Class"/>
  <testcase time="0" classname="org.apache.commons.lang3.ClassUtilsTest" name="test_getShortCanonicalName_Object"/>
  <testcase time="0" classname="org.apache.commons.lang3.ClassUtilsTest" name="test_getShortCanonicalName_String"/>
  <testcase time="0" classname="org.apache.commons.lang3.ClassUtilsTest" name="test_getShortCanonicalName_Class"/>
  <testcase time="0" classname="org.apache.commons.lang3.ClassUtilsTest" name="test_isAssignable_DefaultUnboxing_Widening"/>
  <testcase time="0" classname="org.apache.commons.lang3.ClassUtilsTest" name="testGetClassRawPrimitives"/>
  <testcase time="0.001" classname="org.apache.commons.lang3.ClassUtilsTest" name="testGetClassInvalidArguments"/>
  <testcase time="0" classname="org.apache.commons.lang3.ClassUtilsTest" name="testPrimitivesToWrappers"/>
  <testcase time="0" classname="org.apache.commons.lang3.ClassUtilsTest" name="testGetClassClassNotFound"/>
  <testcase time="0.001" classname="org.apache.commons.lang3.ClassUtilsTest" name="test_getSimpleName_Class"/>
  <testcase time="0" classname="org.apache.commons.lang3.ClassUtilsTest" name="testWrappersToPrimitivesNull"/>
  <testcase time="0" classname="org.apache.commons.lang3.ClassUtilsTest" name="test_isInnerClass_Class"/>
  <testcase time="0" classname="org.apache.commons.lang3.ClassUtilsTest" name="test_isAssignable_ClassArray_ClassArray"/>
  <testcase time="0" classname="org.apache.commons.lang3.ClassUtilsTest" name="test_getSimpleName_Object"/>
  <testcase time="0" classname="org.apache.commons.lang3.ClassUtilsTest" name="test_isAssignable_Unboxing_Widening"/>
  <testcase time="0" classname="org.apache.commons.lang3.ClassUtilsTest" name="testWrappersToPrimitivesEmpty"/>
  <testcase time="0" classname="org.apache.commons.lang3.ClassUtilsTest" name="testWrapperToPrimitiveNoWrapper"/>
  <testcase time="0.001" classname="org.apache.commons.lang3.ClassUtilsTest" name="test_convertClassNamesToClasses_List"/>
  <testcase time="0" classname="org.apache.commons.lang3.ClassUtilsTest" name="test_isAssignable_Autoboxing"/>
  <testcase time="0" classname="org.apache.commons.lang3.ClassUtilsTest" name="test_convertClassesToClassNames_List"/>
  <testcase time="0" classname="org.apache.commons.lang3.ClassUtilsTest" name="testGetPublicMethod"/>
  <testcase time="0" classname="org.apache.commons.lang3.ClassUtilsTest" name="test_getAllInterfaces_Class"/>
  <testcase time="0" classname="org.apache.commons.lang3.ClassUtilsTest" name="testConstructor"/>
</testsuite>