<?xml version="1.0" encoding="UTF-8" ?>
<testsuite failures="0" time="0.003" errors="0" skipped="0" tests="76" name="org.apache.commons.lang3.math.NumberUtilsTest">
  <properties>
[...]
</properties>
  <testcase time="0" classname="org.apache.commons.lang3.math.NumberUtilsTest" name="testMaximumDouble"/>
  <testcase time="0" classname="org.apache.commons.lang3.math.NumberUtilsTest" name="testToFloatStringF"/>
  <testcase time="0" classname="org.apache.commons.lang3.math.NumberUtilsTest" name="testMinDouble_emptyArray"/>
  <testcase time="0" classname="org.apache.commons.lang3.math.NumberUtilsTest" name="testMinimumFloat"/>
  <testcase time="0" classname="org.apache.commons.lang3.math.NumberUtilsTest" name="testMinimumShort"/>
  <testcase time="0" classname="org.apache.commons.lang3.math.NumberUtilsTest" name="testMinLong_nullArray"/>
  <testcase time="0.001" classname="org.apache.commons.lang3.math.NumberUtilsTest" name="testCreateNumber"/>
  <testcase time="0" classname="org.apache.commons.lang3.math.NumberUtilsTest" name="testToLongString"/>
  <testcase time="0" classname="org.apache.commons.lang3.math.NumberUtilsTest" name="testMaxByte_emptyArray"/>
  <testcase time="0" classname="org.apache.commons.lang3.math.NumberUtilsTest" name="testToIntStringI"/>
  <testcase time="0" classname="org.apache.commons.lang3.math.NumberUtilsTest" name="testMaxShort_nullArray"/>
  <testcase time="0" classname="org.apache.commons.lang3.math.NumberUtilsTest" name="testToIntString"/>
  <testcase time="0" classname="org.apache.commons.lang3.math.NumberUtilsTest" name="testMinShort_emptyArray"/>
  <testcase time="0" classname="org.apache.commons.lang3.math.NumberUtilsTest" name="testCreateFloat"/>
  <testcase time="0" classname="org.apache.commons.lang3.math.NumberUtilsTest" name="testMaxShort_emptyArray"/>
  <testcase time="0" classname="org.apache.commons.lang3.math.NumberUtilsTest" name="testMinimumInt"/>
  <testcase time="0" classname="org.apache.commons.lang3.math.NumberUtilsTest" name="testMinDouble_nullArray"/>
  <testcase time="0" classname="org.apache.commons.lang3.math.NumberUtilsTest" name="testMaxDouble_nullArray"/>
  <testcase time="0" classname="org.apache.commons.lang3.math.NumberUtilsTest" name="testMaxDouble_emptyArray"/>
  <testcase time="0" classname="org.apache.commons.lang3.math.NumberUtilsTest" name="testMaxInt_emptyArray"/>
  <testcase time="0" classname="org.apache.commons.lang3.math.NumberUtilsTest" name="testMaxLong_emptyArray"/>
  <testcase time="0" classname="org.apache.commons.lang3.math.NumberUtilsTest" name="testToByteStringI"/>
  <testcase time="0" classname="org.apache.commons.lang3.math.NumberUtilsTest" name="testToFloatString"/>
  <testcase time="0" classname="org.apache.commons.lang3.math.NumberUtilsTest" name="testMinFloat_emptyArray"/>
  <testcase time="0" classname="org.apache.commons.lang3.math.NumberUtilsTest" name="testMinFloat"/>
  <testcase time="0" classname="org.apache.commons.lang3.math.NumberUtilsTest" name="testMaxFloat_emptyArray"/>
  <testcase time="0" classname="org.apache.commons.lang3.math.NumberUtilsTest" name="testMinShort"/>
  <testcase time="0" classname="org.apache.commons.lang3.math.NumberUtilsTest" name="testCreateNumberMagnitude"/>
  <testcase time="0" classname="org.apache.commons.lang3.math.NumberUtilsTest" name="testMinFloat_nullArray"/>
  <testcase time="0" classname="org.apache.commons.lang3.math.NumberUtilsTest" name="testToByteString"/>
  <testcase time="0" classname="org.apache.commons.lang3.math.NumberUtilsTest" name="testLang300"/>
  <testcase time="0" classname="org.apache.commons.lang3.math.NumberUtilsTest" name="testLang381"/>
  <testcase time="0" classname="org.apache.commons.lang3.math.NumberUtilsTest" name="testMaxDouble"/>
  <testcase time="0" classname="org.apache.commons.lang3.math.NumberUtilsTest" name="testMinimumDouble"/>
  <testcase time="0" classname="org.apache.commons.lang3.math.NumberUtilsTest" name="testMaxLong_nullArray"/>
  <testcase time="0" classname="org.apache.commons.lang3.math.NumberUtilsTest" name="testIsDigits"/>
  <testcase time="0" classname="org.apache.commons.lang3.math.NumberUtilsTest" name="testMinByte_nullArray"/>
  <testcase time="0" classname="org.apache.commons.lang3.math.NumberUtilsTest" name="testCreateBigDecimal"/>
  <testcase time="0" classname="org.apache.commons.lang3.math.NumberUtilsTest" name="testConstants"/>
  <testcase time="0" classname="org.apache.commons.lang3.math.NumberUtilsTest" name="testCompareDouble"/>
  <testcase time="0" classname="org.apache.commons.lang3.math.NumberUtilsTest" name="testMinimumByte"/>
  <testcase time="0" classname="org.apache.commons.lang3.math.NumberUtilsTest" name="testMinimumLong"/>
  <testcase time="0.001" classname="org.apache.commons.lang3.math.NumberUtilsTest" name="testIsNumber"/>
  <testcase time="0" classname="org.apache.commons.lang3.math.NumberUtilsTest" name="testMinDouble"/>
  <testcase time="0" classname="org.apache.commons.lang3.math.NumberUtilsTest" name="testMaxByte"/>
  <testcase time="0" classname="org.apache.commons.lang3.math.NumberUtilsTest" name="testMaxLong"/>
  <testcase time="0" classname="org.apache.commons.lang3.math.NumberUtilsTest" name="testMaxFloat_nullArray"/>
  <testcase time="0" classname="org.apache.commons.lang3.math.NumberUtilsTest" name="testCreateBigInteger"/>
  <testcase time="0" classname="org.apache.commons.lang3.math.NumberUtilsTest" name="testCreateLong"/>
  <testcase time="0.001" classname="org.apache.commons.lang3.math.NumberUtilsTest" name="testMinByte"/>
  <testcase time="0" classname="org.apache.commons.lang3.math.NumberUtilsTest" name="testMinLong"/>
  <testcase time="0" classname="org.apache.commons.lang3.math.NumberUtilsTest" name="testMaximumInt"/>
  <testcase time="0" classname="org.apache.commons.lang3.math.NumberUtilsTest" name="testMaximumByte"/>
  <testcase time="0" classname="org.apache.commons.lang3.math.NumberUtilsTest" name="testMaximumLong"/>
  <testcase time="0" classname="org.apache.commons.lang3.math.NumberUtilsTest" name="testMaxFloat"/>
  <testcase time="0" classname="org.apache.commons.lang3.math.NumberUtilsTest" name="testMaxShort"/>
  <testcase time="0" classname="org.apache.commons.lang3.math.NumberUtilsTest" name="testCompareFloat"/>
  <testcase time="0" classname="org.apache.commons.lang3.math.NumberUtilsTest" name="testMinInt_emptyArray"/>
  <testcase time="0" classname="org.apache.commons.lang3.math.NumberUtilsTest" name="testMinByte_emptyArray"/>
  <testcase time="0" classname="org.apache.commons.lang3.math.NumberUtilsTest" name="testMaxInt"/>
  <testcase time="0" classname="org.apache.commons.lang3.math.NumberUtilsTest" name="testMinInt"/>
  <testcase time="0" classname="org.apache.commons.lang3.math.NumberUtilsTest" name="testMinInt_nullArray"/>
  <testcase time="0" classname="org.apache.commons.lang3.math.NumberUtilsTest" name="testMinShort_nullArray"/>
  <testcase time="0" classname="org.apache.commons.lang3.math.NumberUtilsTest" name="testMaxInt_nullArray"/>
  <testcase time="0" classname="org.apache.commons.lang3.math.NumberUtilsTest" name="testStringToDoubleString"/>
  <testcase time="0" classname="org.apache.commons.lang3.math.NumberUtilsTest" name="testMaximumFloat"/>
  <testcase time="0" classname="org.apache.commons.lang3.math.NumberUtilsTest" name="testMaximumShort"/>
  <testcase time="0" classname="org.apache.commons.lang3.math.NumberUtilsTest" name="testToShortStringI"/>
  <testcase time="0" classname="org.apache.commons.lang3.math.NumberUtilsTest" name="testCreateInteger"/>
  <testcase time="0" classname="org.apache.commons.lang3.math.NumberUtilsTest" name="testToLongStringL"/>
  <testcase time="0" classname="org.apache.commons.lang3.math.NumberUtilsTest" name="testStringToDoubleStringD"/>
  <testcase time="0" classname="org.apache.commons.lang3.math.NumberUtilsTest" name="testToShortString"/>
  <testcase time="0" classname="org.apache.commons.lang3.math.NumberUtilsTest" name="testConstructor"/>
  <testcase time="0" classname="org.apache.commons.lang3.math.NumberUtilsTest" name="testMaxByte_nullArray"/>
  <testcase time="0" classname="org.apache.commons.lang3.math.NumberUtilsTest" name="testCreateDouble"/>
  <testcase time="0" classname="org.apache.commons.lang3.math.NumberUtilsTest" name="testMinLong_emptyArray"/>
</testsuite>