<?xml version="1.0" encoding="UTF-8" ?>
<testsuite failures="0" time="0.003" errors="0" skipped="0" tests="42" name="org.apache.commons.lang3.ConversionTest">
  <properties>
[...]
</properties>
  <testcase time="0" classname="org.apache.commons.lang3.ConversionTest" name="testBinaryToHexDigit"/>
  <testcase time="0" classname="org.apache.commons.lang3.ConversionTest" name="testIntToBinary"/>
  <testcase time="0" classname="org.apache.commons.lang3.ConversionTest" name="testShortArrayToInt"/>
  <testcase time="0" classname="org.apache.commons.lang3.ConversionTest" name="testBinaryToHexDigit_2args"/>
  <testcase time="0" classname="org.apache.commons.lang3.ConversionTest" name="testBinaryBeMsb0ToHexDigit_2args"/>
  <testcase time="0" classname="org.apache.commons.lang3.ConversionTest" name="testByteToHex"/>
  <testcase time="0" classname="org.apache.commons.lang3.ConversionTest" name="testBinaryBeMsb0ToHexDigit"/>
  <testcase time="0" classname="org.apache.commons.lang3.ConversionTest" name="testBinaryToShort"/>
  <testcase time="0.001" classname="org.apache.commons.lang3.ConversionTest" name="testShortToBinary"/>
  <testcase time="0" classname="org.apache.commons.lang3.ConversionTest" name="testBinaryToHexDigitMsb0_bits"/>
  <testcase time="0" classname="org.apache.commons.lang3.ConversionTest" name="testHexToByte"/>
  <testcase time="0" classname="org.apache.commons.lang3.ConversionTest" name="testHexToLong"/>
  <testcase time="0" classname="org.apache.commons.lang3.ConversionTest" name="testShortArrayToLong"/>
  <testcase time="0" classname="org.apache.commons.lang3.ConversionTest" name="testByteArrayToLong"/>
  <testcase time="0" classname="org.apache.commons.lang3.ConversionTest" name="testByteArrayToUuid"/>
  <testcase time="0" classname="org.apache.commons.lang3.ConversionTest" name="testLongToShortArray"/>
  <testcase time="0.001" classname="org.apache.commons.lang3.ConversionTest" name="testHexDigitMsb0ToBinary"/>
  <testcase time="0" classname="org.apache.commons.lang3.ConversionTest" name="testUuidToByteArray"/>
  <testcase time="0" classname="org.apache.commons.lang3.ConversionTest" name="testIntToShortArray"/>
  <testcase time="0" classname="org.apache.commons.lang3.ConversionTest" name="testIntArrayToLong"/>
  <testcase time="0" classname="org.apache.commons.lang3.ConversionTest" name="testHexDigitMsb0ToInt"/>
  <testcase time="0" classname="org.apache.commons.lang3.ConversionTest" name="testShortToByteArray"/>
  <testcase time="0" classname="org.apache.commons.lang3.ConversionTest" name="testHexDigitToBinary"/>
  <testcase time="0" classname="org.apache.commons.lang3.ConversionTest" name="testHexToInt"/>
  <testcase time="0" classname="org.apache.commons.lang3.ConversionTest" name="testIntToByteArray"/>
  <testcase time="0" classname="org.apache.commons.lang3.ConversionTest" name="testIntToHexDigitMsb0"/>
  <testcase time="0" classname="org.apache.commons.lang3.ConversionTest" name="testLongToByteArray"/>
  <testcase time="0" classname="org.apache.commons.lang3.ConversionTest" name="testLongToBinary"/>
  <testcase time="0" classname="org.apache.commons.lang3.ConversionTest" name="testHexDigitToInt"/>
  <testcase time="0" classname="org.apache.commons.lang3.ConversionTest" name="testLongToHex"/>
  <testcase time="0" classname="org.apache.commons.lang3.ConversionTest" name="testShortToHex"/>
  <testcase time="0" classname="org.apache.commons.lang3.ConversionTest" name="testLongToIntArray"/>
  <testcase time="0.001" classname="org.apache.commons.lang3.ConversionTest" name="testByteToBinary"/>
  <testcase time="0" classname="org.apache.commons.lang3.ConversionTest" name="testBinaryToByte"/>
  <testcase time="0" classname="org.apache.commons.lang3.ConversionTest" name="testBinaryToLong"/>
  <testcase time="0" classname="org.apache.commons.lang3.ConversionTest" name="testIntToHex"/>
  <testcase time="0" classname="org.apache.commons.lang3.ConversionTest" name="testByteArrayToInt"/>
  <testcase time="0" classname="org.apache.commons.lang3.ConversionTest" name="testHexToShort"/>
  <testcase time="0" classname="org.apache.commons.lang3.ConversionTest" name="testIntToHexDigit"/>
  <testcase time="0" classname="org.apache.commons.lang3.ConversionTest" name="testBinaryToHexDigitMsb0_4bits_2args"/>
  <testcase time="0" classname="org.apache.commons.lang3.ConversionTest" name="testByteArrayToShort"/>
  <testcase time="0" classname="org.apache.commons.lang3.ConversionTest" name="testBinaryToInt"/>
</testsuite>