<?xml version="1.0" encoding="UTF-8" ?>
<testsuite failures="0" time="0.06" errors="1" skipped="0" tests="93" name="org.apache.commons.lang3.StringUtilsTest">
  <properties>
[...]
</properties>
  <testcase time="0" classname="org.apache.commons.lang3.StringUtilsTest" name="testJoin_IterableChar"/>
  <testcase time="0" classname="org.apache.commons.lang3.StringUtilsTest" name="testRightPad_StringInt"/>
  <testcase time="0" classname="org.apache.commons.lang3.StringUtilsTest" name="testRemovePattern"/>
  <testcase time="0" classname="org.apache.commons.lang3.StringUtilsTest" name="testDeleteWhitespace_String"/>
  <testcase time="0" classname="org.apache.commons.lang3.StringUtilsTest" name="testRemove_String"/>
  <testcase time="0" classname="org.apache.commons.lang3.StringUtilsTest" name="testJoin_ArrayOfShorts"/>
  <testcase time="0" classname="org.apache.commons.lang3.StringUtilsTest" name="testDifferenceAt_StringString"/>
  <testcase time="0" classname="org.apache.commons.lang3.StringUtilsTest" name="testSplitByCharacterType"/>
  <testcase time="0" classname="org.apache.commons.lang3.StringUtilsTest" name="testLengthStringBuffer"/>
  <testcase time="0" classname="org.apache.commons.lang3.StringUtilsTest" name="testNormalizeSpace"/>
  <testcase time="0" classname="org.apache.commons.lang3.StringUtilsTest" name="testJoin_ArrayOfInts"/>
  <testcase time="0" classname="org.apache.commons.lang3.StringUtilsTest" name="testDifferenceAt_StringArray"/>
  <testcase time="0" classname="org.apache.commons.lang3.StringUtilsTest" name="testRepeat_StringStringInt"/>
  <testcase time="0" classname="org.apache.commons.lang3.StringUtilsTest" name="testOverlay_StringStringIntInt"/>
  <testcase time="0" classname="org.apache.commons.lang3.StringUtilsTest" name="testDefaultIfBlank_StringString"/>
  <testcase time="0" classname="org.apache.commons.lang3.StringUtilsTest" name="testJoin_ArrayString"/>
  <testcase time="0" classname="org.apache.commons.lang3.StringUtilsTest" name="testReplacePattern"/>
  <testcase time="0" classname="org.apache.commons.lang3.StringUtilsTest" name="testIsAllLowerCase"/>
  <testcase time="0" classname="org.apache.commons.lang3.StringUtilsTest" name="testLANG666"/>
  <testcase time="0" classname="org.apache.commons.lang3.StringUtilsTest" name="testReverseDelimited_StringChar"/>
  <testcase time="0.005" classname="org.apache.commons.lang3.StringUtilsTest" name="testEscapeSurrogatePairs">
    <error message="String index out of range: 2" type="java.lang.StringIndexOutOfBoundsException">java.lang.StringIndexOutOfBoundsException: String index out of range: 2
	at java.lang.String.charAt(String.java:658)
	at java.lang.Character.codePointAt(Character.java:4668)
	at org.apache.commons.lang3.text.translate.CharSequenceTranslator.translate(CharSequenceTranslator.java:95)
	at org.apache.commons.lang3.text.translate.CharSequenceTranslator.translate(CharSequenceTranslator.java:59)
	at org.apache.commons.lang3.StringEscapeUtils.escapeCsv(StringEscapeUtils.java:556)
	at org.apache.commons.lang3.StringUtilsTest.testEscapeSurrogatePairs(StringUtilsTest.java:2187)
</error>
  </testcase>
  <testcase time="0" classname="org.apache.commons.lang3.StringUtilsTest" name="testChomp"/>
  <testcase time="0" classname="org.apache.commons.lang3.StringUtilsTest" name="testEMPTY"/>
  <testcase time="0" classname="org.apache.commons.lang3.StringUtilsTest" name="testChop"/>
  <testcase time="0" classname="org.apache.commons.lang3.StringUtilsTest" name="testToString"/>
  <testcase time="0" classname="org.apache.commons.lang3.StringUtilsTest" name="testJoin_IterableString"/>
  <testcase time="0.001" classname="org.apache.commons.lang3.StringUtilsTest" name="testDefaultIfEmpty_CharBuffers"/>
  <testcase time="0.022" classname="org.apache.commons.lang3.StringUtilsTest" name="testSplitPreserveAllTokens_StringString_StringStringInt"/>
  <testcase time="0" classname="org.apache.commons.lang3.StringUtilsTest" name="testJoin_ArrayCharSeparator"/>
  <testcase time="0" classname="org.apache.commons.lang3.StringUtilsTest" name="testDefaultIfBlank_StringBuffers"/>
  <testcase time="0.001" classname="org.apache.commons.lang3.StringUtilsTest" name="testRemoveStart"/>
  <testcase time="0" classname="org.apache.commons.lang3.StringUtilsTest" name="testRemove_char"/>
  <testcase time="0" classname="org.apache.commons.lang3.StringUtilsTest" name="testReplaceChars_StringCharChar"/>
  <testcase time="0" classname="org.apache.commons.lang3.StringUtilsTest" name="testAbbreviateMiddle"/>
  <testcase time="0" classname="org.apache.commons.lang3.StringUtilsTest" name="testIsAllUpperCase"/>
  <testcase time="0" classname="org.apache.commons.lang3.StringUtilsTest" name="testRemoveEndIgnoreCase"/>
  <testcase time="0" classname="org.apache.commons.lang3.StringUtilsTest" name="testCenter_StringIntChar"/>
  <testcase time="0" classname="org.apache.commons.lang3.StringUtilsTest" name="testDefaultIfEmpty_StringBuffers"/>
  <testcase time="0" classname="org.apache.commons.lang3.StringUtilsTest" name="testReplaceChars_StringStringString"/>
  <testcase time="0.001" classname="org.apache.commons.lang3.StringUtilsTest" name="testLeftPad_StringIntString"/>
  <testcase time="0" classname="org.apache.commons.lang3.StringUtilsTest" name="testLang623"/>
  <testcase time="0" classname="org.apache.commons.lang3.StringUtilsTest" name="testSplitPreserveAllTokens_StringChar"/>
  <testcase time="0" classname="org.apache.commons.lang3.StringUtilsTest" name="testGetLevenshteinDistance_StringStringInt"/>
  <testcase time="0" classname="org.apache.commons.lang3.StringUtilsTest" name="testDefaultIfEmpty_StringString"/>
  <testcase time="0" classname="org.apache.commons.lang3.StringUtilsTest" name="testCenter_StringInt"/>
  <testcase time="0" classname="org.apache.commons.lang3.StringUtilsTest" name="testLength_CharBuffer"/>
  <testcase time="0" classname="org.apache.commons.lang3.StringUtilsTest" name="testGetCommonPrefix_StringArray"/>
  <testcase time="0" classname="org.apache.commons.lang3.StringUtilsTest" name="testSplit_String"/>
  <testcase time="0" classname="org.apache.commons.lang3.StringUtilsTest" name="testLengthString"/>
  <testcase time="0" classname="org.apache.commons.lang3.StringUtilsTest" name="testDefault_String"/>
  <testcase time="0" classname="org.apache.commons.lang3.StringUtilsTest" name="testLeftPad_StringIntChar"/>
  <testcase time="0.001" classname="org.apache.commons.lang3.StringUtilsTest" name="testRepeat_StringInt"/>
  <testcase time="0" classname="org.apache.commons.lang3.StringUtilsTest" name="testAbbreviate_StringInt"/>
  <testcase time="0" classname="org.apache.commons.lang3.StringUtilsTest" name="testDefaultIfBlank_StringBuilders"/>
  <testcase time="0" classname="org.apache.commons.lang3.StringUtilsTest" name="testDefault_StringString"/>
  <testcase time="0" classname="org.apache.commons.lang3.StringUtilsTest" name="testLengthStringBuilder"/>
  <testcase time="0" classname="org.apache.commons.lang3.StringUtilsTest" name="testJoin_IteratorString"/>
  <testcase time="0.001" classname="org.apache.commons.lang3.StringUtilsTest" name="testRightPad_StringIntChar"/>
  <testcase time="0" classname="org.apache.commons.lang3.StringUtilsTest" name="testJoin_ArrayOfDoubles"/>
  <testcase time="0" classname="org.apache.commons.lang3.StringUtilsTest" name="testGetLevenshteinDistance_StringString"/>
  <testcase time="0" classname="org.apache.commons.lang3.StringUtilsTest" name="testJoin_Objectarray"/>
  <testcase time="0" classname="org.apache.commons.lang3.StringUtilsTest" name="testAbbreviate_StringIntInt"/>
  <testcase time="0.001" classname="org.apache.commons.lang3.StringUtilsTest" name="testReplace_StringStringArrayStringArray"/>
  <testcase time="0" classname="org.apache.commons.lang3.StringUtilsTest" name="testSplitPreserveAllTokens_String"/>
  <testcase time="0" classname="org.apache.commons.lang3.StringUtilsTest" name="testReplaceOnce_StringStringString"/>
  <testcase time="0.001" classname="org.apache.commons.lang3.StringUtilsTest" name="testStringUtilsCharSequenceContract"/>
  <testcase time="0" classname="org.apache.commons.lang3.StringUtilsTest" name="testJoin_IteratorChar"/>
  <testcase time="0" classname="org.apache.commons.lang3.StringUtilsTest" name="testReverse_String"/>
  <testcase time="0" classname="org.apache.commons.lang3.StringUtilsTest" name="testReplace_StringStringString"/>
  <testcase time="0" classname="org.apache.commons.lang3.StringUtilsTest" name="testSplitByWholeSeparatorPreserveAllTokens_StringStringInt"/>
  <testcase time="0" classname="org.apache.commons.lang3.StringUtilsTest" name="testCaseFunctions"/>
  <testcase time="0" classname="org.apache.commons.lang3.StringUtilsTest" name="testSplitByWholeString_StringStringBooleanInt"/>
  <testcase time="0" classname="org.apache.commons.lang3.StringUtilsTest" name="testSplitByWholeString_StringStringBoolean"/>
  <testcase time="0" classname="org.apache.commons.lang3.StringUtilsTest" name="testDefaultIfEmpty_StringBuilders"/>
  <testcase time="0.001" classname="org.apache.commons.lang3.StringUtilsTest" name="testDifference_StringString"/>
  <testcase time="0" classname="org.apache.commons.lang3.StringUtilsTest" name="testLeftPad_StringInt"/>
  <testcase time="0" classname="org.apache.commons.lang3.StringUtilsTest" name="testDefaultIfBlank_CharBuffers"/>
  <testcase time="0" classname="org.apache.commons.lang3.StringUtilsTest" name="testReplace_StringStringArrayStringArrayBoolean"/>
  <testcase time="0" classname="org.apache.commons.lang3.StringUtilsTest" name="testSplit_StringChar"/>
  <testcase time="0" classname="org.apache.commons.lang3.StringUtilsTest" name="testRightPad_StringIntString"/>
  <testcase time="0" classname="org.apache.commons.lang3.StringUtilsTest" name="testSwapCase_String"/>
  <testcase time="0" classname="org.apache.commons.lang3.StringUtilsTest" name="testRemoveStartIgnoreCase"/>
  <testcase time="0.025" classname="org.apache.commons.lang3.StringUtilsTest" name="testSplit_StringString_StringStringInt"/>
  <testcase time="0" classname="org.apache.commons.lang3.StringUtilsTest" name="testJoin_ArrayOfBytes"/>
  <testcase time="0" classname="org.apache.commons.lang3.StringUtilsTest" name="testJoin_ArrayOfChars"/>
  <testcase time="0" classname="org.apache.commons.lang3.StringUtilsTest" name="testJoin_ArrayOfLongs"/>
  <testcase time="0" classname="org.apache.commons.lang3.StringUtilsTest" name="testJoin_Objects"/>
  <testcase time="0" classname="org.apache.commons.lang3.StringUtilsTest" name="testRemoveEnd"/>
  <testcase time="0" classname="org.apache.commons.lang3.StringUtilsTest" name="testJoin_ArrayOfFloats"/>
  <testcase time="0" classname="org.apache.commons.lang3.StringUtilsTest" name="testCenter_StringIntString"/>
  <testcase time="0" classname="org.apache.commons.lang3.StringUtilsTest" name="testConstructor"/>
  <testcase time="0" classname="org.apache.commons.lang3.StringUtilsTest" name="testSplitByCharacterTypeCamelCase"/>
  <testcase time="0" classname="org.apache.commons.lang3.StringUtilsTest" name="testReplace_StringStringStringInt"/>
</testsuite>